<?xml version="1.0" encoding="UTF-8"?>
<!-- Generated by org.testng.reporters.JUnitReportReporter -->
<testsuite skipped="0" hostname="DESKTOP-5SJBQFT" name="com.training.sanity.tests.FilterCustomerListTest" tests="1" failures="0" timestamp="2020-01-30T15:44:50 IST" time="7.845" errors="0">
  <testcase name="filterCustomerOrder" time="7.845" classname="com.training.sanity.tests.FilterCustomerListTest"/>
</testsuite> <!-- com.training.sanity.tests.FilterCustomerListTest -->
